[11-Mar-2023 15:28:46 UTC] PHP Warning:  PHP Startup: Unable to load dynamic library 'oci8_12c' (tried: ext\oci8_12c (The specified module could not be found), ext\php_oci8_12c.dll (The specified module could not be found)) in Unknown on line 0
[11-Mar-2023 15:28:46 UTC] PHP Warning:  PHP Startup: Unable to load dynamic library 'oci8_19' (tried: ext\oci8_19 (The specified module could not be found), ext\php_oci8_19.dll (The specified module could not be found)) in Unknown on line 0
[11-Mar-2023 15:28:46 UTC] PHP Warning:  PHP Startup: Unable to load dynamic library 'pdo_firebird' (tried: ext\pdo_firebird (The specified module could not be found), ext\php_pdo_firebird.dll (The specified module could not be found)) in Unknown on line 0
[11-Mar-2023 15:28:46 UTC] PHP Warning:  PHP Startup: Unable to load dynamic library 'pdo_oci' (tried: ext\pdo_oci (The specified module could not be found), ext\php_pdo_oci.dll (The specified module could not be found)) in Unknown on line 0
[11-Mar-2023 15:28:46 UTC] PHP Warning:  PHP Startup: Unable to load dynamic library 'php_pdo_sqlsrv_81_nts_x86.dll' (tried: ext\php_pdo_sqlsrv_81_nts_x86.dll (%1 is not a valid Win32 application), ext\php_php_pdo_sqlsrv_81_nts_x86.dll.dll (The specified module could not be found)) in Unknown on line 0
[11-Mar-2023 15:28:46 UTC] PHP Warning:  PHP Startup: Unable to load dynamic library 'php_sqlsrv_81_nts_x86.dll' (tried: ext\php_sqlsrv_81_nts_x86.dll (%1 is not a valid Win32 application), ext\php_php_sqlsrv_81_nts_x86.dll.dll (The specified module could not be found)) in Unknown on line 0
[11-Mar-2023 15:57:21 UTC] PHP Warning:  PHP Startup: Unable to load dynamic library 'oci8_12c' (tried: ext\oci8_12c (The specified module could not be found), ext\php_oci8_12c.dll (The specified module could not be found)) in Unknown on line 0
[11-Mar-2023 15:57:21 UTC] PHP Warning:  PHP Startup: Unable to load dynamic library 'oci8_19' (tried: ext\oci8_19 (The specified module could not be found), ext\php_oci8_19.dll (The specified module could not be found)) in Unknown on line 0
[11-Mar-2023 15:57:21 UTC] PHP Warning:  PHP Startup: Unable to load dynamic library 'pdo_firebird' (tried: ext\pdo_firebird (The specified module could not be found), ext\php_pdo_firebird.dll (The specified module could not be found)) in Unknown on line 0
[11-Mar-2023 15:57:21 UTC] PHP Warning:  PHP Startup: Unable to load dynamic library 'pdo_oci' (tried: ext\pdo_oci (The specified module could not be found), ext\php_pdo_oci.dll (The specified module could not be found)) in Unknown on line 0
[11-Mar-2023 15:57:21 UTC] PHP Warning:  PHP Startup: Unable to load dynamic library 'php_pdo_sqlsrv_81_nts_x86.dll' (tried: ext\php_pdo_sqlsrv_81_nts_x86.dll (%1 is not a valid Win32 application), ext\php_php_pdo_sqlsrv_81_nts_x86.dll.dll (The specified module could not be found)) in Unknown on line 0
[11-Mar-2023 15:57:21 UTC] PHP Warning:  PHP Startup: Unable to load dynamic library 'php_sqlsrv_81_nts_x86.dll' (tried: ext\php_sqlsrv_81_nts_x86.dll (%1 is not a valid Win32 application), ext\php_php_sqlsrv_81_nts_x86.dll.dll (The specified module could not be found)) in Unknown on line 0
[11-Mar-2023 15:57:26 UTC] PHP Warning:  PHP Startup: Unable to load dynamic library 'oci8_12c' (tried: ext\oci8_12c (The specified module could not be found), ext\php_oci8_12c.dll (The specified module could not be found)) in Unknown on line 0
[11-Mar-2023 15:57:26 UTC] PHP Warning:  PHP Startup: Unable to load dynamic library 'oci8_19' (tried: ext\oci8_19 (The specified module could not be found), ext\php_oci8_19.dll (The specified module could not be found)) in Unknown on line 0
[11-Mar-2023 15:57:26 UTC] PHP Warning:  PHP Startup: Unable to load dynamic library 'pdo_firebird' (tried: ext\pdo_firebird (The specified module could not be found), ext\php_pdo_firebird.dll (The specified module could not be found)) in Unknown on line 0
[11-Mar-2023 15:57:26 UTC] PHP Warning:  PHP Startup: Unable to load dynamic library 'pdo_oci' (tried: ext\pdo_oci (The specified module could not be found), ext\php_pdo_oci.dll (The specified module could not be found)) in Unknown on line 0
[11-Mar-2023 15:57:26 UTC] PHP Warning:  PHP Startup: Unable to load dynamic library 'php_pdo_sqlsrv_81_nts_x86.dll' (tried: ext\php_pdo_sqlsrv_81_nts_x86.dll (%1 is not a valid Win32 application), ext\php_php_pdo_sqlsrv_81_nts_x86.dll.dll (The specified module could not be found)) in Unknown on line 0
[11-Mar-2023 15:57:26 UTC] PHP Warning:  PHP Startup: Unable to load dynamic library 'php_sqlsrv_81_nts_x86.dll' (tried: ext\php_sqlsrv_81_nts_x86.dll (%1 is not a valid Win32 application), ext\php_php_sqlsrv_81_nts_x86.dll.dll (The specified module could not be found)) in Unknown on line 0
[11-Mar-2023 15:57:47 UTC] PHP Warning:  PHP Startup: Unable to load dynamic library 'oci8_12c' (tried: ext\oci8_12c (The specified module could not be found), ext\php_oci8_12c.dll (The specified module could not be found)) in Unknown on line 0
[11-Mar-2023 15:57:47 UTC] PHP Warning:  PHP Startup: Unable to load dynamic library 'oci8_19' (tried: ext\oci8_19 (The specified module could not be found), ext\php_oci8_19.dll (The specified module could not be found)) in Unknown on line 0
[11-Mar-2023 15:57:47 UTC] PHP Warning:  PHP Startup: Unable to load dynamic library 'pdo_firebird' (tried: ext\pdo_firebird (The specified module could not be found), ext\php_pdo_firebird.dll (The specified module could not be found)) in Unknown on line 0
[11-Mar-2023 15:57:47 UTC] PHP Warning:  PHP Startup: Unable to load dynamic library 'pdo_oci' (tried: ext\pdo_oci (The specified module could not be found), ext\php_pdo_oci.dll (The specified module could not be found)) in Unknown on line 0
[11-Mar-2023 15:57:47 UTC] PHP Warning:  PHP Startup: Unable to load dynamic library 'php_pdo_sqlsrv_81_nts_x86.dll' (tried: ext\php_pdo_sqlsrv_81_nts_x86.dll (%1 is not a valid Win32 application), ext\php_php_pdo_sqlsrv_81_nts_x86.dll.dll (The specified module could not be found)) in Unknown on line 0
[11-Mar-2023 15:57:47 UTC] PHP Warning:  PHP Startup: Unable to load dynamic library 'php_sqlsrv_81_nts_x86.dll' (tried: ext\php_sqlsrv_81_nts_x86.dll (%1 is not a valid Win32 application), ext\php_php_sqlsrv_81_nts_x86.dll.dll (The specified module could not be found)) in Unknown on line 0
[11-Mar-2023 15:57:50 UTC] PHP Warning:  PHP Startup: Unable to load dynamic library 'oci8_12c' (tried: ext\oci8_12c (The specified module could not be found), ext\php_oci8_12c.dll (The specified module could not be found)) in Unknown on line 0
[11-Mar-2023 15:57:50 UTC] PHP Warning:  PHP Startup: Unable to load dynamic library 'oci8_19' (tried: ext\oci8_19 (The specified module could not be found), ext\php_oci8_19.dll (The specified module could not be found)) in Unknown on line 0
[11-Mar-2023 15:57:50 UTC] PHP Warning:  PHP Startup: Unable to load dynamic library 'pdo_firebird' (tried: ext\pdo_firebird (The specified module could not be found), ext\php_pdo_firebird.dll (The specified module could not be found)) in Unknown on line 0
[11-Mar-2023 15:57:50 UTC] PHP Warning:  PHP Startup: Unable to load dynamic library 'pdo_oci' (tried: ext\pdo_oci (The specified module could not be found), ext\php_pdo_oci.dll (The specified module could not be found)) in Unknown on line 0
[11-Mar-2023 15:57:50 UTC] PHP Warning:  PHP Startup: Unable to load dynamic library 'php_pdo_sqlsrv_81_nts_x86.dll' (tried: ext\php_pdo_sqlsrv_81_nts_x86.dll (%1 is not a valid Win32 application), ext\php_php_pdo_sqlsrv_81_nts_x86.dll.dll (The specified module could not be found)) in Unknown on line 0
[11-Mar-2023 15:57:50 UTC] PHP Warning:  PHP Startup: Unable to load dynamic library 'php_sqlsrv_81_nts_x86.dll' (tried: ext\php_sqlsrv_81_nts_x86.dll (%1 is not a valid Win32 application), ext\php_php_sqlsrv_81_nts_x86.dll.dll (The specified module could not be found)) in Unknown on line 0
[12-Mar-2023 08:36:03 UTC] PHP Warning:  PHP Startup: Unable to load dynamic library 'oci8_12c' (tried: ext\oci8_12c (The specified module could not be found), ext\php_oci8_12c.dll (The specified module could not be found)) in Unknown on line 0
[12-Mar-2023 08:36:03 UTC] PHP Warning:  PHP Startup: Unable to load dynamic library 'oci8_19' (tried: ext\oci8_19 (The specified module could not be found), ext\php_oci8_19.dll (The specified module could not be found)) in Unknown on line 0
[12-Mar-2023 08:36:03 UTC] PHP Warning:  PHP Startup: Unable to load dynamic library 'pdo_firebird' (tried: ext\pdo_firebird (The specified module could not be found), ext\php_pdo_firebird.dll (The specified module could not be found)) in Unknown on line 0
[12-Mar-2023 08:36:03 UTC] PHP Warning:  PHP Startup: Unable to load dynamic library 'pdo_oci' (tried: ext\pdo_oci (The specified module could not be found), ext\php_pdo_oci.dll (The specified module could not be found)) in Unknown on line 0
[12-Mar-2023 08:36:03 UTC] PHP Warning:  PHP Startup: Unable to load dynamic library 'php_pdo_sqlsrv_81_nts_x86.dll' (tried: ext\php_pdo_sqlsrv_81_nts_x86.dll (%1 is not a valid Win32 application), ext\php_php_pdo_sqlsrv_81_nts_x86.dll.dll (The specified module could not be found)) in Unknown on line 0
[12-Mar-2023 08:36:03 UTC] PHP Warning:  PHP Startup: Unable to load dynamic library 'php_sqlsrv_81_nts_x86.dll' (tried: ext\php_sqlsrv_81_nts_x86.dll (%1 is not a valid Win32 application), ext\php_php_sqlsrv_81_nts_x86.dll.dll (The specified module could not be found)) in Unknown on line 0
[12-Mar-2023 09:05:10 UTC] PHP Warning:  PHP Startup: Unable to load dynamic library 'oci8_12c' (tried: ext\oci8_12c (The specified module could not be found), ext\php_oci8_12c.dll (The specified module could not be found)) in Unknown on line 0
[12-Mar-2023 09:05:10 UTC] PHP Warning:  PHP Startup: Unable to load dynamic library 'oci8_19' (tried: ext\oci8_19 (The specified module could not be found), ext\php_oci8_19.dll (The specified module could not be found)) in Unknown on line 0
[12-Mar-2023 09:05:10 UTC] PHP Warning:  PHP Startup: Unable to load dynamic library 'pdo_firebird' (tried: ext\pdo_firebird (The specified module could not be found), ext\php_pdo_firebird.dll (The specified module could not be found)) in Unknown on line 0
[12-Mar-2023 09:05:10 UTC] PHP Warning:  PHP Startup: Unable to load dynamic library 'pdo_oci' (tried: ext\pdo_oci (The specified module could not be found), ext\php_pdo_oci.dll (The specified module could not be found)) in Unknown on line 0
[12-Mar-2023 09:05:10 UTC] PHP Warning:  PHP Startup: Unable to load dynamic library 'php_pdo_sqlsrv_81_nts_x86.dll' (tried: ext\php_pdo_sqlsrv_81_nts_x86.dll (%1 is not a valid Win32 application), ext\php_php_pdo_sqlsrv_81_nts_x86.dll.dll (The specified module could not be found)) in Unknown on line 0
[12-Mar-2023 09:05:10 UTC] PHP Warning:  PHP Startup: Unable to load dynamic library 'php_sqlsrv_81_nts_x86.dll' (tried: ext\php_sqlsrv_81_nts_x86.dll (%1 is not a valid Win32 application), ext\php_php_sqlsrv_81_nts_x86.dll.dll (The specified module could not be found)) in Unknown on line 0
[15-Mar-2023 11:40:28 UTC] PHP Warning:  PHP Startup: Unable to load dynamic library 'oci8_12c' (tried: ext\oci8_12c (The specified module could not be found), ext\php_oci8_12c.dll (The specified module could not be found)) in Unknown on line 0
[15-Mar-2023 11:40:28 UTC] PHP Warning:  PHP Startup: Unable to load dynamic library 'oci8_19' (tried: ext\oci8_19 (The specified module could not be found), ext\php_oci8_19.dll (The specified module could not be found)) in Unknown on line 0
[15-Mar-2023 11:40:28 UTC] PHP Warning:  PHP Startup: Unable to load dynamic library 'pdo_firebird' (tried: ext\pdo_firebird (The specified module could not be found), ext\php_pdo_firebird.dll (The specified module could not be found)) in Unknown on line 0
[15-Mar-2023 11:40:28 UTC] PHP Warning:  PHP Startup: Unable to load dynamic library 'pdo_oci' (tried: ext\pdo_oci (The specified module could not be found), ext\php_pdo_oci.dll (The specified module could not be found)) in Unknown on line 0
[15-Mar-2023 11:40:28 UTC] PHP Warning:  PHP Startup: Unable to load dynamic library 'php_pdo_sqlsrv_81_nts_x86.dll' (tried: ext\php_pdo_sqlsrv_81_nts_x86.dll (%1 is not a valid Win32 application), ext\php_php_pdo_sqlsrv_81_nts_x86.dll.dll (The specified module could not be found)) in Unknown on line 0
[15-Mar-2023 11:40:28 UTC] PHP Warning:  PHP Startup: Unable to load dynamic library 'php_sqlsrv_81_nts_x86.dll' (tried: ext\php_sqlsrv_81_nts_x86.dll (%1 is not a valid Win32 application), ext\php_php_sqlsrv_81_nts_x86.dll.dll (The specified module could not be found)) in Unknown on line 0
[16-Mar-2023 05:19:31 UTC] PHP Warning:  PHP Startup: Unable to load dynamic library 'oci8_12c' (tried: ext\oci8_12c (The specified module could not be found), ext\php_oci8_12c.dll (The specified module could not be found)) in Unknown on line 0
[16-Mar-2023 05:19:31 UTC] PHP Warning:  PHP Startup: Unable to load dynamic library 'oci8_19' (tried: ext\oci8_19 (The specified module could not be found), ext\php_oci8_19.dll (The specified module could not be found)) in Unknown on line 0
[16-Mar-2023 05:19:32 UTC] PHP Warning:  PHP Startup: Unable to load dynamic library 'pdo_firebird' (tried: ext\pdo_firebird (The specified module could not be found), ext\php_pdo_firebird.dll (The specified module could not be found)) in Unknown on line 0
[16-Mar-2023 05:19:32 UTC] PHP Warning:  PHP Startup: Unable to load dynamic library 'pdo_oci' (tried: ext\pdo_oci (The specified module could not be found), ext\php_pdo_oci.dll (The specified module could not be found)) in Unknown on line 0
[16-Mar-2023 05:19:32 UTC] PHP Warning:  PHP Startup: Unable to load dynamic library 'php_pdo_sqlsrv_81_nts_x86.dll' (tried: ext\php_pdo_sqlsrv_81_nts_x86.dll (%1 is not a valid Win32 application), ext\php_php_pdo_sqlsrv_81_nts_x86.dll.dll (The specified module could not be found)) in Unknown on line 0
[16-Mar-2023 05:19:32 UTC] PHP Warning:  PHP Startup: Unable to load dynamic library 'php_sqlsrv_81_nts_x86.dll' (tried: ext\php_sqlsrv_81_nts_x86.dll (%1 is not a valid Win32 application), ext\php_php_sqlsrv_81_nts_x86.dll.dll (The specified module could not be found)) in Unknown on line 0
[02-Apr-2023 11:35:51 UTC] PHP Warning:  PHP Startup: Unable to load dynamic library 'oci8_12c' (tried: ext\oci8_12c (The specified module could not be found), ext\php_oci8_12c.dll (The specified module could not be found)) in Unknown on line 0
[02-Apr-2023 11:35:51 UTC] PHP Warning:  PHP Startup: Unable to load dynamic library 'oci8_19' (tried: ext\oci8_19 (The specified module could not be found), ext\php_oci8_19.dll (The specified module could not be found)) in Unknown on line 0
[02-Apr-2023 11:35:51 UTC] PHP Warning:  PHP Startup: Unable to load dynamic library 'pdo_firebird' (tried: ext\pdo_firebird (The specified module could not be found), ext\php_pdo_firebird.dll (The specified module could not be found)) in Unknown on line 0
[02-Apr-2023 11:35:51 UTC] PHP Warning:  PHP Startup: Unable to load dynamic library 'pdo_oci' (tried: ext\pdo_oci (The specified module could not be found), ext\php_pdo_oci.dll (The specified module could not be found)) in Unknown on line 0
[02-Apr-2023 11:35:51 UTC] PHP Warning:  PHP Startup: Unable to load dynamic library 'php_pdo_sqlsrv_81_nts_x86.dll' (tried: ext\php_pdo_sqlsrv_81_nts_x86.dll (%1 is not a valid Win32 application), ext\php_php_pdo_sqlsrv_81_nts_x86.dll.dll (The specified module could not be found)) in Unknown on line 0
[02-Apr-2023 11:35:51 UTC] PHP Warning:  PHP Startup: Unable to load dynamic library 'php_sqlsrv_81_nts_x86.dll' (tried: ext\php_sqlsrv_81_nts_x86.dll (%1 is not a valid Win32 application), ext\php_php_sqlsrv_81_nts_x86.dll.dll (The specified module could not be found)) in Unknown on line 0
