[09-Feb-2023 18:39:00 UTC] PHP Warning:  PHP Startup: Unable to load dynamic library 'oci8_12c' (tried: ext\oci8_12c (The specified module could not be found), ext\php_oci8_12c.dll (The specified module could not be found)) in Unknown on line 0
[09-Feb-2023 18:39:00 UTC] PHP Warning:  PHP Startup: Unable to load dynamic library 'oci8_19' (tried: ext\oci8_19 (The specified module could not be found), ext\php_oci8_19.dll (The specified module could not be found)) in Unknown on line 0
[09-Feb-2023 18:39:00 UTC] PHP Warning:  PHP Startup: Unable to load dynamic library 'pdo_firebird' (tried: ext\pdo_firebird (The specified module could not be found), ext\php_pdo_firebird.dll (The specified module could not be found)) in Unknown on line 0
[09-Feb-2023 18:39:00 UTC] PHP Warning:  PHP Startup: Unable to load dynamic library 'pdo_oci' (tried: ext\pdo_oci (The specified module could not be found), ext\php_pdo_oci.dll (The specified module could not be found)) in Unknown on line 0
[09-Feb-2023 18:39:00 UTC] PHP Warning:  PHP Startup: Unable to load dynamic library 'php_pdo_sqlsrv_81_nts_x86.dll' (tried: ext\php_pdo_sqlsrv_81_nts_x86.dll (%1 is not a valid Win32 application), ext\php_php_pdo_sqlsrv_81_nts_x86.dll.dll (The specified module could not be found)) in Unknown on line 0
[09-Feb-2023 18:39:00 UTC] PHP Warning:  PHP Startup: Unable to load dynamic library 'php_sqlsrv_81_nts_x86.dll' (tried: ext\php_sqlsrv_81_nts_x86.dll (%1 is not a valid Win32 application), ext\php_php_sqlsrv_81_nts_x86.dll.dll (The specified module could not be found)) in Unknown on line 0
[09-Feb-2023 18:39:29 UTC] PHP Warning:  PHP Startup: Unable to load dynamic library 'oci8_12c' (tried: ext\oci8_12c (The specified module could not be found), ext\php_oci8_12c.dll (The specified module could not be found)) in Unknown on line 0
[09-Feb-2023 18:39:29 UTC] PHP Warning:  PHP Startup: Unable to load dynamic library 'oci8_19' (tried: ext\oci8_19 (The specified module could not be found), ext\php_oci8_19.dll (The specified module could not be found)) in Unknown on line 0
[09-Feb-2023 18:39:29 UTC] PHP Warning:  PHP Startup: Unable to load dynamic library 'pdo_firebird' (tried: ext\pdo_firebird (The specified module could not be found), ext\php_pdo_firebird.dll (The specified module could not be found)) in Unknown on line 0
[09-Feb-2023 18:39:29 UTC] PHP Warning:  PHP Startup: Unable to load dynamic library 'pdo_oci' (tried: ext\pdo_oci (The specified module could not be found), ext\php_pdo_oci.dll (The specified module could not be found)) in Unknown on line 0
[09-Feb-2023 18:39:29 UTC] PHP Warning:  PHP Startup: Unable to load dynamic library 'php_pdo_sqlsrv_81_nts_x86.dll' (tried: ext\php_pdo_sqlsrv_81_nts_x86.dll (%1 is not a valid Win32 application), ext\php_php_pdo_sqlsrv_81_nts_x86.dll.dll (The specified module could not be found)) in Unknown on line 0
[09-Feb-2023 18:39:29 UTC] PHP Warning:  PHP Startup: Unable to load dynamic library 'php_sqlsrv_81_nts_x86.dll' (tried: ext\php_sqlsrv_81_nts_x86.dll (%1 is not a valid Win32 application), ext\php_php_sqlsrv_81_nts_x86.dll.dll (The specified module could not be found)) in Unknown on line 0
[16-Mar-2023 02:38:00 UTC] PHP Warning:  PHP Startup: Unable to load dynamic library 'oci8_12c' (tried: ext\oci8_12c (The specified module could not be found), ext\php_oci8_12c.dll (The specified module could not be found)) in Unknown on line 0
[16-Mar-2023 02:38:00 UTC] PHP Warning:  PHP Startup: Unable to load dynamic library 'oci8_19' (tried: ext\oci8_19 (The specified module could not be found), ext\php_oci8_19.dll (The specified module could not be found)) in Unknown on line 0
[16-Mar-2023 02:38:00 UTC] PHP Warning:  PHP Startup: Unable to load dynamic library 'pdo_firebird' (tried: ext\pdo_firebird (The specified module could not be found), ext\php_pdo_firebird.dll (The specified module could not be found)) in Unknown on line 0
[16-Mar-2023 02:38:00 UTC] PHP Warning:  PHP Startup: Unable to load dynamic library 'pdo_oci' (tried: ext\pdo_oci (The specified module could not be found), ext\php_pdo_oci.dll (The specified module could not be found)) in Unknown on line 0
[16-Mar-2023 02:38:00 UTC] PHP Warning:  PHP Startup: Unable to load dynamic library 'php_pdo_sqlsrv_81_nts_x86.dll' (tried: ext\php_pdo_sqlsrv_81_nts_x86.dll (%1 is not a valid Win32 application), ext\php_php_pdo_sqlsrv_81_nts_x86.dll.dll (The specified module could not be found)) in Unknown on line 0
[16-Mar-2023 02:38:00 UTC] PHP Warning:  PHP Startup: Unable to load dynamic library 'php_sqlsrv_81_nts_x86.dll' (tried: ext\php_sqlsrv_81_nts_x86.dll (%1 is not a valid Win32 application), ext\php_php_sqlsrv_81_nts_x86.dll.dll (The specified module could not be found)) in Unknown on line 0
[16-Mar-2023 02:40:32 UTC] PHP Warning:  PHP Startup: Unable to load dynamic library 'oci8_12c' (tried: ext\oci8_12c (The specified module could not be found), ext\php_oci8_12c.dll (The specified module could not be found)) in Unknown on line 0
[16-Mar-2023 02:40:32 UTC] PHP Warning:  PHP Startup: Unable to load dynamic library 'oci8_19' (tried: ext\oci8_19 (The specified module could not be found), ext\php_oci8_19.dll (The specified module could not be found)) in Unknown on line 0
[16-Mar-2023 02:40:32 UTC] PHP Warning:  PHP Startup: Unable to load dynamic library 'pdo_firebird' (tried: ext\pdo_firebird (The specified module could not be found), ext\php_pdo_firebird.dll (The specified module could not be found)) in Unknown on line 0
[16-Mar-2023 02:40:32 UTC] PHP Warning:  PHP Startup: Unable to load dynamic library 'pdo_oci' (tried: ext\pdo_oci (The specified module could not be found), ext\php_pdo_oci.dll (The specified module could not be found)) in Unknown on line 0
[16-Mar-2023 02:40:32 UTC] PHP Warning:  PHP Startup: Unable to load dynamic library 'php_pdo_sqlsrv_81_nts_x86.dll' (tried: ext\php_pdo_sqlsrv_81_nts_x86.dll (%1 is not a valid Win32 application), ext\php_php_pdo_sqlsrv_81_nts_x86.dll.dll (The specified module could not be found)) in Unknown on line 0
[16-Mar-2023 02:40:32 UTC] PHP Warning:  PHP Startup: Unable to load dynamic library 'php_sqlsrv_81_nts_x86.dll' (tried: ext\php_sqlsrv_81_nts_x86.dll (%1 is not a valid Win32 application), ext\php_php_sqlsrv_81_nts_x86.dll.dll (The specified module could not be found)) in Unknown on line 0
[16-Mar-2023 03:29:53 UTC] PHP Warning:  PHP Startup: Unable to load dynamic library 'oci8_12c' (tried: ext\oci8_12c (The specified module could not be found), ext\php_oci8_12c.dll (The specified module could not be found)) in Unknown on line 0
[16-Mar-2023 03:29:53 UTC] PHP Warning:  PHP Startup: Unable to load dynamic library 'oci8_19' (tried: ext\oci8_19 (The specified module could not be found), ext\php_oci8_19.dll (The specified module could not be found)) in Unknown on line 0
[16-Mar-2023 03:29:53 UTC] PHP Warning:  PHP Startup: Unable to load dynamic library 'pdo_firebird' (tried: ext\pdo_firebird (The specified module could not be found), ext\php_pdo_firebird.dll (The specified module could not be found)) in Unknown on line 0
[16-Mar-2023 03:29:53 UTC] PHP Warning:  PHP Startup: Unable to load dynamic library 'pdo_oci' (tried: ext\pdo_oci (The specified module could not be found), ext\php_pdo_oci.dll (The specified module could not be found)) in Unknown on line 0
[16-Mar-2023 03:29:53 UTC] PHP Warning:  PHP Startup: Unable to load dynamic library 'php_pdo_sqlsrv_81_nts_x86.dll' (tried: ext\php_pdo_sqlsrv_81_nts_x86.dll (%1 is not a valid Win32 application), ext\php_php_pdo_sqlsrv_81_nts_x86.dll.dll (The specified module could not be found)) in Unknown on line 0
[16-Mar-2023 03:29:53 UTC] PHP Warning:  PHP Startup: Unable to load dynamic library 'php_sqlsrv_81_nts_x86.dll' (tried: ext\php_sqlsrv_81_nts_x86.dll (%1 is not a valid Win32 application), ext\php_php_sqlsrv_81_nts_x86.dll.dll (The specified module could not be found)) in Unknown on line 0
[16-Mar-2023 03:30:47 UTC] PHP Warning:  PHP Startup: Unable to load dynamic library 'oci8_12c' (tried: ext\oci8_12c (The specified module could not be found), ext\php_oci8_12c.dll (The specified module could not be found)) in Unknown on line 0
[16-Mar-2023 03:30:47 UTC] PHP Warning:  PHP Startup: Unable to load dynamic library 'oci8_19' (tried: ext\oci8_19 (The specified module could not be found), ext\php_oci8_19.dll (The specified module could not be found)) in Unknown on line 0
[16-Mar-2023 03:30:47 UTC] PHP Warning:  PHP Startup: Unable to load dynamic library 'pdo_firebird' (tried: ext\pdo_firebird (The specified module could not be found), ext\php_pdo_firebird.dll (The specified module could not be found)) in Unknown on line 0
[16-Mar-2023 03:30:47 UTC] PHP Warning:  PHP Startup: Unable to load dynamic library 'pdo_oci' (tried: ext\pdo_oci (The specified module could not be found), ext\php_pdo_oci.dll (The specified module could not be found)) in Unknown on line 0
[16-Mar-2023 03:30:47 UTC] PHP Warning:  PHP Startup: Unable to load dynamic library 'php_pdo_sqlsrv_81_nts_x86.dll' (tried: ext\php_pdo_sqlsrv_81_nts_x86.dll (%1 is not a valid Win32 application), ext\php_php_pdo_sqlsrv_81_nts_x86.dll.dll (The specified module could not be found)) in Unknown on line 0
[16-Mar-2023 03:30:47 UTC] PHP Warning:  PHP Startup: Unable to load dynamic library 'php_sqlsrv_81_nts_x86.dll' (tried: ext\php_sqlsrv_81_nts_x86.dll (%1 is not a valid Win32 application), ext\php_php_sqlsrv_81_nts_x86.dll.dll (The specified module could not be found)) in Unknown on line 0
[01-Jun-2023 11:35:35 UTC] PHP Warning:  PHP Startup: Unable to load dynamic library 'oci8_12c' (tried: ext\oci8_12c (The specified module could not be found), ext\php_oci8_12c.dll (The specified module could not be found)) in Unknown on line 0
[01-Jun-2023 11:35:35 UTC] PHP Warning:  PHP Startup: Unable to load dynamic library 'oci8_19' (tried: ext\oci8_19 (The specified module could not be found), ext\php_oci8_19.dll (The specified module could not be found)) in Unknown on line 0
[01-Jun-2023 11:35:35 UTC] PHP Warning:  PHP Startup: Unable to load dynamic library 'pdo_firebird' (tried: ext\pdo_firebird (The specified module could not be found), ext\php_pdo_firebird.dll (The specified module could not be found)) in Unknown on line 0
[01-Jun-2023 11:35:35 UTC] PHP Warning:  PHP Startup: Unable to load dynamic library 'pdo_oci' (tried: ext\pdo_oci (The specified module could not be found), ext\php_pdo_oci.dll (The specified module could not be found)) in Unknown on line 0
[01-Jun-2023 11:35:35 UTC] PHP Warning:  PHP Startup: Unable to load dynamic library 'php_pdo_sqlsrv_81_nts_x86.dll' (tried: ext\php_pdo_sqlsrv_81_nts_x86.dll (%1 is not a valid Win32 application), ext\php_php_pdo_sqlsrv_81_nts_x86.dll.dll (The specified module could not be found)) in Unknown on line 0
[01-Jun-2023 11:35:35 UTC] PHP Warning:  PHP Startup: Unable to load dynamic library 'php_sqlsrv_81_nts_x86.dll' (tried: ext\php_sqlsrv_81_nts_x86.dll (%1 is not a valid Win32 application), ext\php_php_sqlsrv_81_nts_x86.dll.dll (The specified module could not be found)) in Unknown on line 0
