[30-Mar-2023 17:47:09 UTC] PHP Warning:  PHP Startup: Unable to load dynamic library 'oci8_12c' (tried: ext\oci8_12c (The specified module could not be found), ext\php_oci8_12c.dll (The specified module could not be found)) in Unknown on line 0
[30-Mar-2023 17:47:09 UTC] PHP Warning:  PHP Startup: Unable to load dynamic library 'oci8_19' (tried: ext\oci8_19 (The specified module could not be found), ext\php_oci8_19.dll (The specified module could not be found)) in Unknown on line 0
[30-Mar-2023 17:47:09 UTC] PHP Warning:  PHP Startup: Unable to load dynamic library 'pdo_firebird' (tried: ext\pdo_firebird (The specified module could not be found), ext\php_pdo_firebird.dll (The specified module could not be found)) in Unknown on line 0
[30-Mar-2023 17:47:09 UTC] PHP Warning:  PHP Startup: Unable to load dynamic library 'pdo_oci' (tried: ext\pdo_oci (The specified module could not be found), ext\php_pdo_oci.dll (The specified module could not be found)) in Unknown on line 0
[30-Mar-2023 17:47:10 UTC] PHP Warning:  PHP Startup: Unable to load dynamic library 'php_pdo_sqlsrv_81_nts_x86.dll' (tried: ext\php_pdo_sqlsrv_81_nts_x86.dll (%1 is not a valid Win32 application), ext\php_php_pdo_sqlsrv_81_nts_x86.dll.dll (The specified module could not be found)) in Unknown on line 0
[30-Mar-2023 17:47:10 UTC] PHP Warning:  PHP Startup: Unable to load dynamic library 'php_sqlsrv_81_nts_x86.dll' (tried: ext\php_sqlsrv_81_nts_x86.dll (%1 is not a valid Win32 application), ext\php_php_sqlsrv_81_nts_x86.dll.dll (The specified module could not be found)) in Unknown on line 0
[02-Apr-2023 15:12:41 UTC] PHP Warning:  PHP Startup: Unable to load dynamic library 'oci8_12c' (tried: ext\oci8_12c (The specified module could not be found), ext\php_oci8_12c.dll (The specified module could not be found)) in Unknown on line 0
[02-Apr-2023 15:12:41 UTC] PHP Warning:  PHP Startup: Unable to load dynamic library 'oci8_19' (tried: ext\oci8_19 (The specified module could not be found), ext\php_oci8_19.dll (The specified module could not be found)) in Unknown on line 0
[02-Apr-2023 15:12:41 UTC] PHP Warning:  PHP Startup: Unable to load dynamic library 'pdo_firebird' (tried: ext\pdo_firebird (The specified module could not be found), ext\php_pdo_firebird.dll (The specified module could not be found)) in Unknown on line 0
[02-Apr-2023 15:12:41 UTC] PHP Warning:  PHP Startup: Unable to load dynamic library 'pdo_oci' (tried: ext\pdo_oci (The specified module could not be found), ext\php_pdo_oci.dll (The specified module could not be found)) in Unknown on line 0
[02-Apr-2023 15:12:41 UTC] PHP Warning:  PHP Startup: Unable to load dynamic library 'php_pdo_sqlsrv_81_nts_x86.dll' (tried: ext\php_pdo_sqlsrv_81_nts_x86.dll (%1 is not a valid Win32 application), ext\php_php_pdo_sqlsrv_81_nts_x86.dll.dll (The specified module could not be found)) in Unknown on line 0
[02-Apr-2023 15:12:41 UTC] PHP Warning:  PHP Startup: Unable to load dynamic library 'php_sqlsrv_81_nts_x86.dll' (tried: ext\php_sqlsrv_81_nts_x86.dll (%1 is not a valid Win32 application), ext\php_php_sqlsrv_81_nts_x86.dll.dll (The specified module could not be found)) in Unknown on line 0
[02-Apr-2023 15:21:57 UTC] PHP Warning:  PHP Startup: Unable to load dynamic library 'oci8_12c' (tried: ext\oci8_12c (The specified module could not be found), ext\php_oci8_12c.dll (The specified module could not be found)) in Unknown on line 0
[02-Apr-2023 15:21:57 UTC] PHP Warning:  PHP Startup: Unable to load dynamic library 'oci8_19' (tried: ext\oci8_19 (The specified module could not be found), ext\php_oci8_19.dll (The specified module could not be found)) in Unknown on line 0
[02-Apr-2023 15:21:57 UTC] PHP Warning:  PHP Startup: Unable to load dynamic library 'pdo_firebird' (tried: ext\pdo_firebird (The specified module could not be found), ext\php_pdo_firebird.dll (The specified module could not be found)) in Unknown on line 0
[02-Apr-2023 15:21:57 UTC] PHP Warning:  PHP Startup: Unable to load dynamic library 'pdo_oci' (tried: ext\pdo_oci (The specified module could not be found), ext\php_pdo_oci.dll (The specified module could not be found)) in Unknown on line 0
[02-Apr-2023 15:21:57 UTC] PHP Warning:  PHP Startup: Unable to load dynamic library 'php_pdo_sqlsrv_81_nts_x86.dll' (tried: ext\php_pdo_sqlsrv_81_nts_x86.dll (%1 is not a valid Win32 application), ext\php_php_pdo_sqlsrv_81_nts_x86.dll.dll (The specified module could not be found)) in Unknown on line 0
[02-Apr-2023 15:21:57 UTC] PHP Warning:  PHP Startup: Unable to load dynamic library 'php_sqlsrv_81_nts_x86.dll' (tried: ext\php_sqlsrv_81_nts_x86.dll (%1 is not a valid Win32 application), ext\php_php_sqlsrv_81_nts_x86.dll.dll (The specified module could not be found)) in Unknown on line 0
[10-Apr-2023 11:48:27 UTC] PHP Warning:  PHP Startup: Unable to load dynamic library 'oci8_12c' (tried: ext\oci8_12c (The specified module could not be found), ext\php_oci8_12c.dll (The specified module could not be found)) in Unknown on line 0
[10-Apr-2023 11:48:27 UTC] PHP Warning:  PHP Startup: Unable to load dynamic library 'oci8_19' (tried: ext\oci8_19 (The specified module could not be found), ext\php_oci8_19.dll (The specified module could not be found)) in Unknown on line 0
[10-Apr-2023 11:48:27 UTC] PHP Warning:  PHP Startup: Unable to load dynamic library 'pdo_firebird' (tried: ext\pdo_firebird (The specified module could not be found), ext\php_pdo_firebird.dll (The specified module could not be found)) in Unknown on line 0
[10-Apr-2023 11:48:27 UTC] PHP Warning:  PHP Startup: Unable to load dynamic library 'pdo_oci' (tried: ext\pdo_oci (The specified module could not be found), ext\php_pdo_oci.dll (The specified module could not be found)) in Unknown on line 0
[10-Apr-2023 11:48:27 UTC] PHP Warning:  PHP Startup: Unable to load dynamic library 'php_pdo_sqlsrv_81_nts_x86.dll' (tried: ext\php_pdo_sqlsrv_81_nts_x86.dll (%1 is not a valid Win32 application), ext\php_php_pdo_sqlsrv_81_nts_x86.dll.dll (The specified module could not be found)) in Unknown on line 0
[10-Apr-2023 11:48:27 UTC] PHP Warning:  PHP Startup: Unable to load dynamic library 'php_sqlsrv_81_nts_x86.dll' (tried: ext\php_sqlsrv_81_nts_x86.dll (%1 is not a valid Win32 application), ext\php_php_sqlsrv_81_nts_x86.dll.dll (The specified module could not be found)) in Unknown on line 0
[10-Apr-2023 11:49:41 UTC] PHP Warning:  PHP Startup: Unable to load dynamic library 'oci8_12c' (tried: ext\oci8_12c (The specified module could not be found), ext\php_oci8_12c.dll (The specified module could not be found)) in Unknown on line 0
[10-Apr-2023 11:49:41 UTC] PHP Warning:  PHP Startup: Unable to load dynamic library 'oci8_19' (tried: ext\oci8_19 (The specified module could not be found), ext\php_oci8_19.dll (The specified module could not be found)) in Unknown on line 0
[10-Apr-2023 11:49:41 UTC] PHP Warning:  PHP Startup: Unable to load dynamic library 'pdo_firebird' (tried: ext\pdo_firebird (The specified module could not be found), ext\php_pdo_firebird.dll (The specified module could not be found)) in Unknown on line 0
[10-Apr-2023 11:49:41 UTC] PHP Warning:  PHP Startup: Unable to load dynamic library 'pdo_oci' (tried: ext\pdo_oci (The specified module could not be found), ext\php_pdo_oci.dll (The specified module could not be found)) in Unknown on line 0
[10-Apr-2023 11:49:41 UTC] PHP Warning:  PHP Startup: Unable to load dynamic library 'php_pdo_sqlsrv_81_nts_x86.dll' (tried: ext\php_pdo_sqlsrv_81_nts_x86.dll (%1 is not a valid Win32 application), ext\php_php_pdo_sqlsrv_81_nts_x86.dll.dll (The specified module could not be found)) in Unknown on line 0
[10-Apr-2023 11:49:41 UTC] PHP Warning:  PHP Startup: Unable to load dynamic library 'php_sqlsrv_81_nts_x86.dll' (tried: ext\php_sqlsrv_81_nts_x86.dll (%1 is not a valid Win32 application), ext\php_php_sqlsrv_81_nts_x86.dll.dll (The specified module could not be found)) in Unknown on line 0
[10-Apr-2023 11:50:20 UTC] PHP Warning:  PHP Startup: Unable to load dynamic library 'oci8_12c' (tried: ext\oci8_12c (The specified module could not be found), ext\php_oci8_12c.dll (The specified module could not be found)) in Unknown on line 0
[10-Apr-2023 11:50:20 UTC] PHP Warning:  PHP Startup: Unable to load dynamic library 'oci8_19' (tried: ext\oci8_19 (The specified module could not be found), ext\php_oci8_19.dll (The specified module could not be found)) in Unknown on line 0
[10-Apr-2023 11:50:20 UTC] PHP Warning:  PHP Startup: Unable to load dynamic library 'pdo_firebird' (tried: ext\pdo_firebird (The specified module could not be found), ext\php_pdo_firebird.dll (The specified module could not be found)) in Unknown on line 0
[10-Apr-2023 11:50:20 UTC] PHP Warning:  PHP Startup: Unable to load dynamic library 'pdo_oci' (tried: ext\pdo_oci (The specified module could not be found), ext\php_pdo_oci.dll (The specified module could not be found)) in Unknown on line 0
[10-Apr-2023 11:50:20 UTC] PHP Warning:  PHP Startup: Unable to load dynamic library 'php_pdo_sqlsrv_81_nts_x86.dll' (tried: ext\php_pdo_sqlsrv_81_nts_x86.dll (%1 is not a valid Win32 application), ext\php_php_pdo_sqlsrv_81_nts_x86.dll.dll (The specified module could not be found)) in Unknown on line 0
[10-Apr-2023 11:50:20 UTC] PHP Warning:  PHP Startup: Unable to load dynamic library 'php_sqlsrv_81_nts_x86.dll' (tried: ext\php_sqlsrv_81_nts_x86.dll (%1 is not a valid Win32 application), ext\php_php_sqlsrv_81_nts_x86.dll.dll (The specified module could not be found)) in Unknown on line 0
[10-Apr-2023 11:51:35 UTC] PHP Warning:  PHP Startup: Unable to load dynamic library 'oci8_12c' (tried: ext\oci8_12c (The specified module could not be found), ext\php_oci8_12c.dll (The specified module could not be found)) in Unknown on line 0
[10-Apr-2023 11:51:35 UTC] PHP Warning:  PHP Startup: Unable to load dynamic library 'oci8_19' (tried: ext\oci8_19 (The specified module could not be found), ext\php_oci8_19.dll (The specified module could not be found)) in Unknown on line 0
[10-Apr-2023 11:51:35 UTC] PHP Warning:  PHP Startup: Unable to load dynamic library 'pdo_firebird' (tried: ext\pdo_firebird (The specified module could not be found), ext\php_pdo_firebird.dll (The specified module could not be found)) in Unknown on line 0
[10-Apr-2023 11:51:35 UTC] PHP Warning:  PHP Startup: Unable to load dynamic library 'pdo_oci' (tried: ext\pdo_oci (The specified module could not be found), ext\php_pdo_oci.dll (The specified module could not be found)) in Unknown on line 0
[10-Apr-2023 11:51:35 UTC] PHP Warning:  PHP Startup: Unable to load dynamic library 'php_pdo_sqlsrv_81_nts_x86.dll' (tried: ext\php_pdo_sqlsrv_81_nts_x86.dll (%1 is not a valid Win32 application), ext\php_php_pdo_sqlsrv_81_nts_x86.dll.dll (The specified module could not be found)) in Unknown on line 0
[10-Apr-2023 11:51:35 UTC] PHP Warning:  PHP Startup: Unable to load dynamic library 'php_sqlsrv_81_nts_x86.dll' (tried: ext\php_sqlsrv_81_nts_x86.dll (%1 is not a valid Win32 application), ext\php_php_sqlsrv_81_nts_x86.dll.dll (The specified module could not be found)) in Unknown on line 0
[10-Apr-2023 11:52:01 UTC] PHP Warning:  PHP Startup: Unable to load dynamic library 'oci8_12c' (tried: ext\oci8_12c (The specified module could not be found), ext\php_oci8_12c.dll (The specified module could not be found)) in Unknown on line 0
[10-Apr-2023 11:52:01 UTC] PHP Warning:  PHP Startup: Unable to load dynamic library 'oci8_19' (tried: ext\oci8_19 (The specified module could not be found), ext\php_oci8_19.dll (The specified module could not be found)) in Unknown on line 0
[10-Apr-2023 11:52:01 UTC] PHP Warning:  PHP Startup: Unable to load dynamic library 'pdo_firebird' (tried: ext\pdo_firebird (The specified module could not be found), ext\php_pdo_firebird.dll (The specified module could not be found)) in Unknown on line 0
[10-Apr-2023 11:52:01 UTC] PHP Warning:  PHP Startup: Unable to load dynamic library 'pdo_oci' (tried: ext\pdo_oci (The specified module could not be found), ext\php_pdo_oci.dll (The specified module could not be found)) in Unknown on line 0
[10-Apr-2023 11:52:01 UTC] PHP Warning:  PHP Startup: Unable to load dynamic library 'php_pdo_sqlsrv_81_nts_x86.dll' (tried: ext\php_pdo_sqlsrv_81_nts_x86.dll (%1 is not a valid Win32 application), ext\php_php_pdo_sqlsrv_81_nts_x86.dll.dll (The specified module could not be found)) in Unknown on line 0
[10-Apr-2023 11:52:01 UTC] PHP Warning:  PHP Startup: Unable to load dynamic library 'php_sqlsrv_81_nts_x86.dll' (tried: ext\php_sqlsrv_81_nts_x86.dll (%1 is not a valid Win32 application), ext\php_php_sqlsrv_81_nts_x86.dll.dll (The specified module could not be found)) in Unknown on line 0
[10-Apr-2023 11:53:44 UTC] PHP Warning:  PHP Startup: Unable to load dynamic library 'oci8_12c' (tried: ext\oci8_12c (The specified module could not be found), ext\php_oci8_12c.dll (The specified module could not be found)) in Unknown on line 0
[10-Apr-2023 11:53:44 UTC] PHP Warning:  PHP Startup: Unable to load dynamic library 'oci8_19' (tried: ext\oci8_19 (The specified module could not be found), ext\php_oci8_19.dll (The specified module could not be found)) in Unknown on line 0
[10-Apr-2023 11:53:44 UTC] PHP Warning:  PHP Startup: Unable to load dynamic library 'pdo_firebird' (tried: ext\pdo_firebird (The specified module could not be found), ext\php_pdo_firebird.dll (The specified module could not be found)) in Unknown on line 0
[10-Apr-2023 11:53:44 UTC] PHP Warning:  PHP Startup: Unable to load dynamic library 'pdo_oci' (tried: ext\pdo_oci (The specified module could not be found), ext\php_pdo_oci.dll (The specified module could not be found)) in Unknown on line 0
[10-Apr-2023 11:53:44 UTC] PHP Warning:  PHP Startup: Unable to load dynamic library 'php_pdo_sqlsrv_81_nts_x86.dll' (tried: ext\php_pdo_sqlsrv_81_nts_x86.dll (%1 is not a valid Win32 application), ext\php_php_pdo_sqlsrv_81_nts_x86.dll.dll (The specified module could not be found)) in Unknown on line 0
[10-Apr-2023 11:53:44 UTC] PHP Warning:  PHP Startup: Unable to load dynamic library 'php_sqlsrv_81_nts_x86.dll' (tried: ext\php_sqlsrv_81_nts_x86.dll (%1 is not a valid Win32 application), ext\php_php_sqlsrv_81_nts_x86.dll.dll (The specified module could not be found)) in Unknown on line 0
