[12-Mar-2023 09:45:25 UTC] PHP Warning:  PHP Startup: Unable to load dynamic library 'oci8_12c' (tried: ext\oci8_12c (The specified module could not be found), ext\php_oci8_12c.dll (The specified module could not be found)) in Unknown on line 0
[12-Mar-2023 09:45:25 UTC] PHP Warning:  PHP Startup: Unable to load dynamic library 'oci8_19' (tried: ext\oci8_19 (The specified module could not be found), ext\php_oci8_19.dll (The specified module could not be found)) in Unknown on line 0
[12-Mar-2023 09:45:25 UTC] PHP Warning:  PHP Startup: Unable to load dynamic library 'pdo_firebird' (tried: ext\pdo_firebird (The specified module could not be found), ext\php_pdo_firebird.dll (The specified module could not be found)) in Unknown on line 0
[12-Mar-2023 09:45:25 UTC] PHP Warning:  PHP Startup: Unable to load dynamic library 'pdo_oci' (tried: ext\pdo_oci (The specified module could not be found), ext\php_pdo_oci.dll (The specified module could not be found)) in Unknown on line 0
[12-Mar-2023 09:45:25 UTC] PHP Warning:  PHP Startup: Unable to load dynamic library 'php_pdo_sqlsrv_81_nts_x86.dll' (tried: ext\php_pdo_sqlsrv_81_nts_x86.dll (%1 is not a valid Win32 application), ext\php_php_pdo_sqlsrv_81_nts_x86.dll.dll (The specified module could not be found)) in Unknown on line 0
[12-Mar-2023 09:45:25 UTC] PHP Warning:  PHP Startup: Unable to load dynamic library 'php_sqlsrv_81_nts_x86.dll' (tried: ext\php_sqlsrv_81_nts_x86.dll (%1 is not a valid Win32 application), ext\php_php_sqlsrv_81_nts_x86.dll.dll (The specified module could not be found)) in Unknown on line 0
[12-Mar-2023 09:55:29 UTC] PHP Warning:  PHP Startup: Unable to load dynamic library 'oci8_12c' (tried: ext\oci8_12c (The specified module could not be found), ext\php_oci8_12c.dll (The specified module could not be found)) in Unknown on line 0
[12-Mar-2023 09:55:29 UTC] PHP Warning:  PHP Startup: Unable to load dynamic library 'oci8_19' (tried: ext\oci8_19 (The specified module could not be found), ext\php_oci8_19.dll (The specified module could not be found)) in Unknown on line 0
[12-Mar-2023 09:55:29 UTC] PHP Warning:  PHP Startup: Unable to load dynamic library 'pdo_firebird' (tried: ext\pdo_firebird (The specified module could not be found), ext\php_pdo_firebird.dll (The specified module could not be found)) in Unknown on line 0
[12-Mar-2023 09:55:29 UTC] PHP Warning:  PHP Startup: Unable to load dynamic library 'pdo_oci' (tried: ext\pdo_oci (The specified module could not be found), ext\php_pdo_oci.dll (The specified module could not be found)) in Unknown on line 0
[12-Mar-2023 09:55:29 UTC] PHP Warning:  PHP Startup: Unable to load dynamic library 'php_pdo_sqlsrv_81_nts_x86.dll' (tried: ext\php_pdo_sqlsrv_81_nts_x86.dll (%1 is not a valid Win32 application), ext\php_php_pdo_sqlsrv_81_nts_x86.dll.dll (The specified module could not be found)) in Unknown on line 0
[12-Mar-2023 09:55:29 UTC] PHP Warning:  PHP Startup: Unable to load dynamic library 'php_sqlsrv_81_nts_x86.dll' (tried: ext\php_sqlsrv_81_nts_x86.dll (%1 is not a valid Win32 application), ext\php_php_sqlsrv_81_nts_x86.dll.dll (The specified module could not be found)) in Unknown on line 0
[13-Mar-2023 06:07:27 UTC] PHP Warning:  PHP Startup: Unable to load dynamic library 'oci8_12c' (tried: ext\oci8_12c (The specified module could not be found), ext\php_oci8_12c.dll (The specified module could not be found)) in Unknown on line 0
[13-Mar-2023 06:07:27 UTC] PHP Warning:  PHP Startup: Unable to load dynamic library 'oci8_19' (tried: ext\oci8_19 (The specified module could not be found), ext\php_oci8_19.dll (The specified module could not be found)) in Unknown on line 0
[13-Mar-2023 06:07:27 UTC] PHP Warning:  PHP Startup: Unable to load dynamic library 'pdo_firebird' (tried: ext\pdo_firebird (The specified module could not be found), ext\php_pdo_firebird.dll (The specified module could not be found)) in Unknown on line 0
[13-Mar-2023 06:07:27 UTC] PHP Warning:  PHP Startup: Unable to load dynamic library 'pdo_oci' (tried: ext\pdo_oci (The specified module could not be found), ext\php_pdo_oci.dll (The specified module could not be found)) in Unknown on line 0
[13-Mar-2023 06:07:27 UTC] PHP Warning:  PHP Startup: Unable to load dynamic library 'php_pdo_sqlsrv_81_nts_x86.dll' (tried: ext\php_pdo_sqlsrv_81_nts_x86.dll (%1 is not a valid Win32 application), ext\php_php_pdo_sqlsrv_81_nts_x86.dll.dll (The specified module could not be found)) in Unknown on line 0
[13-Mar-2023 06:07:27 UTC] PHP Warning:  PHP Startup: Unable to load dynamic library 'php_sqlsrv_81_nts_x86.dll' (tried: ext\php_sqlsrv_81_nts_x86.dll (%1 is not a valid Win32 application), ext\php_php_sqlsrv_81_nts_x86.dll.dll (The specified module could not be found)) in Unknown on line 0
[13-Mar-2023 06:08:11 UTC] PHP Warning:  PHP Startup: Unable to load dynamic library 'oci8_12c' (tried: ext\oci8_12c (The specified module could not be found), ext\php_oci8_12c.dll (The specified module could not be found)) in Unknown on line 0
[13-Mar-2023 06:08:11 UTC] PHP Warning:  PHP Startup: Unable to load dynamic library 'oci8_19' (tried: ext\oci8_19 (The specified module could not be found), ext\php_oci8_19.dll (The specified module could not be found)) in Unknown on line 0
[13-Mar-2023 06:08:11 UTC] PHP Warning:  PHP Startup: Unable to load dynamic library 'pdo_firebird' (tried: ext\pdo_firebird (The specified module could not be found), ext\php_pdo_firebird.dll (The specified module could not be found)) in Unknown on line 0
[13-Mar-2023 06:08:11 UTC] PHP Warning:  PHP Startup: Unable to load dynamic library 'pdo_oci' (tried: ext\pdo_oci (The specified module could not be found), ext\php_pdo_oci.dll (The specified module could not be found)) in Unknown on line 0
[13-Mar-2023 06:08:11 UTC] PHP Warning:  PHP Startup: Unable to load dynamic library 'php_pdo_sqlsrv_81_nts_x86.dll' (tried: ext\php_pdo_sqlsrv_81_nts_x86.dll (%1 is not a valid Win32 application), ext\php_php_pdo_sqlsrv_81_nts_x86.dll.dll (The specified module could not be found)) in Unknown on line 0
[13-Mar-2023 06:08:11 UTC] PHP Warning:  PHP Startup: Unable to load dynamic library 'php_sqlsrv_81_nts_x86.dll' (tried: ext\php_sqlsrv_81_nts_x86.dll (%1 is not a valid Win32 application), ext\php_php_sqlsrv_81_nts_x86.dll.dll (The specified module could not be found)) in Unknown on line 0
[13-Mar-2023 06:13:21 UTC] PHP Warning:  PHP Startup: Unable to load dynamic library 'oci8_12c' (tried: ext\oci8_12c (The specified module could not be found), ext\php_oci8_12c.dll (The specified module could not be found)) in Unknown on line 0
[13-Mar-2023 06:13:21 UTC] PHP Warning:  PHP Startup: Unable to load dynamic library 'oci8_19' (tried: ext\oci8_19 (The specified module could not be found), ext\php_oci8_19.dll (The specified module could not be found)) in Unknown on line 0
[13-Mar-2023 06:13:21 UTC] PHP Warning:  PHP Startup: Unable to load dynamic library 'pdo_firebird' (tried: ext\pdo_firebird (The specified module could not be found), ext\php_pdo_firebird.dll (The specified module could not be found)) in Unknown on line 0
[13-Mar-2023 06:13:21 UTC] PHP Warning:  PHP Startup: Unable to load dynamic library 'pdo_oci' (tried: ext\pdo_oci (The specified module could not be found), ext\php_pdo_oci.dll (The specified module could not be found)) in Unknown on line 0
[13-Mar-2023 06:13:21 UTC] PHP Warning:  PHP Startup: Unable to load dynamic library 'php_pdo_sqlsrv_81_nts_x86.dll' (tried: ext\php_pdo_sqlsrv_81_nts_x86.dll (%1 is not a valid Win32 application), ext\php_php_pdo_sqlsrv_81_nts_x86.dll.dll (The specified module could not be found)) in Unknown on line 0
[13-Mar-2023 06:13:21 UTC] PHP Warning:  PHP Startup: Unable to load dynamic library 'php_sqlsrv_81_nts_x86.dll' (tried: ext\php_sqlsrv_81_nts_x86.dll (%1 is not a valid Win32 application), ext\php_php_sqlsrv_81_nts_x86.dll.dll (The specified module could not be found)) in Unknown on line 0
[13-Mar-2023 06:14:35 UTC] PHP Warning:  PHP Startup: Unable to load dynamic library 'oci8_12c' (tried: ext\oci8_12c (The specified module could not be found), ext\php_oci8_12c.dll (The specified module could not be found)) in Unknown on line 0
[13-Mar-2023 06:14:35 UTC] PHP Warning:  PHP Startup: Unable to load dynamic library 'oci8_19' (tried: ext\oci8_19 (The specified module could not be found), ext\php_oci8_19.dll (The specified module could not be found)) in Unknown on line 0
[13-Mar-2023 06:14:35 UTC] PHP Warning:  PHP Startup: Unable to load dynamic library 'pdo_firebird' (tried: ext\pdo_firebird (The specified module could not be found), ext\php_pdo_firebird.dll (The specified module could not be found)) in Unknown on line 0
[13-Mar-2023 06:14:35 UTC] PHP Warning:  PHP Startup: Unable to load dynamic library 'pdo_oci' (tried: ext\pdo_oci (The specified module could not be found), ext\php_pdo_oci.dll (The specified module could not be found)) in Unknown on line 0
[13-Mar-2023 06:14:35 UTC] PHP Warning:  PHP Startup: Unable to load dynamic library 'php_pdo_sqlsrv_81_nts_x86.dll' (tried: ext\php_pdo_sqlsrv_81_nts_x86.dll (%1 is not a valid Win32 application), ext\php_php_pdo_sqlsrv_81_nts_x86.dll.dll (The specified module could not be found)) in Unknown on line 0
[13-Mar-2023 06:14:35 UTC] PHP Warning:  PHP Startup: Unable to load dynamic library 'php_sqlsrv_81_nts_x86.dll' (tried: ext\php_sqlsrv_81_nts_x86.dll (%1 is not a valid Win32 application), ext\php_php_sqlsrv_81_nts_x86.dll.dll (The specified module could not be found)) in Unknown on line 0
[13-Mar-2023 06:16:33 UTC] PHP Warning:  PHP Startup: Unable to load dynamic library 'oci8_12c' (tried: ext\oci8_12c (The specified module could not be found), ext\php_oci8_12c.dll (The specified module could not be found)) in Unknown on line 0
[13-Mar-2023 06:16:33 UTC] PHP Warning:  PHP Startup: Unable to load dynamic library 'oci8_19' (tried: ext\oci8_19 (The specified module could not be found), ext\php_oci8_19.dll (The specified module could not be found)) in Unknown on line 0
[13-Mar-2023 06:16:33 UTC] PHP Warning:  PHP Startup: Unable to load dynamic library 'pdo_firebird' (tried: ext\pdo_firebird (The specified module could not be found), ext\php_pdo_firebird.dll (The specified module could not be found)) in Unknown on line 0
[13-Mar-2023 06:16:33 UTC] PHP Warning:  PHP Startup: Unable to load dynamic library 'pdo_oci' (tried: ext\pdo_oci (The specified module could not be found), ext\php_pdo_oci.dll (The specified module could not be found)) in Unknown on line 0
[13-Mar-2023 06:16:33 UTC] PHP Warning:  PHP Startup: Unable to load dynamic library 'php_pdo_sqlsrv_81_nts_x86.dll' (tried: ext\php_pdo_sqlsrv_81_nts_x86.dll (%1 is not a valid Win32 application), ext\php_php_pdo_sqlsrv_81_nts_x86.dll.dll (The specified module could not be found)) in Unknown on line 0
[13-Mar-2023 06:16:33 UTC] PHP Warning:  PHP Startup: Unable to load dynamic library 'php_sqlsrv_81_nts_x86.dll' (tried: ext\php_sqlsrv_81_nts_x86.dll (%1 is not a valid Win32 application), ext\php_php_sqlsrv_81_nts_x86.dll.dll (The specified module could not be found)) in Unknown on line 0
[16-Mar-2023 05:09:02 UTC] PHP Warning:  PHP Startup: Unable to load dynamic library 'oci8_12c' (tried: ext\oci8_12c (The specified module could not be found), ext\php_oci8_12c.dll (The specified module could not be found)) in Unknown on line 0
[16-Mar-2023 05:09:02 UTC] PHP Warning:  PHP Startup: Unable to load dynamic library 'oci8_19' (tried: ext\oci8_19 (The specified module could not be found), ext\php_oci8_19.dll (The specified module could not be found)) in Unknown on line 0
[16-Mar-2023 05:09:02 UTC] PHP Warning:  PHP Startup: Unable to load dynamic library 'pdo_firebird' (tried: ext\pdo_firebird (The specified module could not be found), ext\php_pdo_firebird.dll (The specified module could not be found)) in Unknown on line 0
[16-Mar-2023 05:09:02 UTC] PHP Warning:  PHP Startup: Unable to load dynamic library 'pdo_oci' (tried: ext\pdo_oci (The specified module could not be found), ext\php_pdo_oci.dll (The specified module could not be found)) in Unknown on line 0
[16-Mar-2023 05:09:02 UTC] PHP Warning:  PHP Startup: Unable to load dynamic library 'php_pdo_sqlsrv_81_nts_x86.dll' (tried: ext\php_pdo_sqlsrv_81_nts_x86.dll (%1 is not a valid Win32 application), ext\php_php_pdo_sqlsrv_81_nts_x86.dll.dll (The specified module could not be found)) in Unknown on line 0
[16-Mar-2023 05:09:02 UTC] PHP Warning:  PHP Startup: Unable to load dynamic library 'php_sqlsrv_81_nts_x86.dll' (tried: ext\php_sqlsrv_81_nts_x86.dll (%1 is not a valid Win32 application), ext\php_php_sqlsrv_81_nts_x86.dll.dll (The specified module could not be found)) in Unknown on line 0
